<?xml version="1.0" encoding="UTF-8"?>
<!-- Generated by org.testng.reporters.JUnitXMLReporter -->
<testsuite hostname="HaDos-MacBook-Pro.local" name="Test-method test" tests="4" failures="0" timestamp="29 Oct 2016 02:57:19 GMT" time="0.061" errors="0">
  <testcase name="testMethodsOne" time="0.008" classname="modules.ParallelTestMethod"/>
  <testcase name="testMethodsFour" time="0.005" classname="modules.ParallelTestMethod"/>
  <testcase name="testMethodsThree" time="0.002" classname="modules.ParallelTestMethod"/>
  <testcase name="testMethodsTwo" time="0.002" classname="modules.ParallelTestMethod"/>
</testsuite> <!-- Test-method test -->
