<?xml version="1.0" encoding="UTF-8"?>
<!-- Generated by org.testng.reporters.JUnitXMLReporter -->
<testsuite hostname="HaDos-MacBook-Pro.local" name="Test-class test" tests="4" failures="0" timestamp="29 Oct 2016 03:03:52 GMT" time="0.058" errors="0">
  <testcase name="testMethodOne" time="0.009" classname="modules.ParallelClassesTestTwo"/>
  <testcase name="testMethodOne" time="0.01" classname="modules.ParallelClassesTestOne"/>
  <testcase name="testMethodTwo" time="0.002" classname="modules.ParallelClassesTestOne"/>
  <testcase name="testMethodTwo" time="0.002" classname="modules.ParallelClassesTestTwo"/>
</testsuite> <!-- Test-class test -->
