<?xml version="1.0" encoding="UTF-8"?>
<!-- Generated by org.testng.reporters.JUnitReportReporter -->
<testsuite hostname="HaDos-MacBook-Pro.local" name="modules.ParallelTestMethod" tests="4" failures="0" timestamp="29 Oct 2016 02:57:19 GMT" time="0.036" errors="0">
  <testcase name="testMethodsOne" time="0.017" classname="modules.ParallelTestMethod"/>
  <testcase name="testMethodsTwo" time="0.003" classname="modules.ParallelTestMethod"/>
  <testcase name="testMethodsFour" time="0.014" classname="modules.ParallelTestMethod"/>
  <testcase name="testMethodsThree" time="0.002" classname="modules.ParallelTestMethod"/>
</testsuite> <!-- modules.ParallelTestMethod -->
