<?xml version="1.0" encoding="UTF-8"?>
<!-- Generated by org.testng.reporters.JUnitReportReporter -->
<testsuite hostname="HaDos-MacBook-Pro.local" name="modules.MultiThreads" tests="100" failures="0" timestamp="20 Aug 2016 08:12:28 GMT" time="1.788" errors="0">
  <testcase name="testMethod" time="0.015" classname="modules.MultiThreads"/>
  <testcase name="testMethod" time="0.005" classname="modules.MultiThreads"/>
  <testcase name="testMethod" time="0.052" classname="modules.MultiThreads"/>
  <testcase name="testMethod" time="0.013" classname="modules.MultiThreads"/>
  <testcase name="testMethod" time="0.011" classname="modules.MultiThreads"/>
  <testcase name="testMethod" time="0.031" classname="modules.MultiThreads"/>
  <testcase name="testMethod" time="0.042" classname="modules.MultiThreads"/>
  <testcase name="testMethod" time="0.001" classname="modules.MultiThreads"/>
  <testcase name="testMethod" time="0.003" classname="modules.MultiThreads"/>
  <testcase name="testMethod" time="0.001" classname="modules.MultiThreads"/>
  <testcase name="testMethod" time="0.017" classname="modules.MultiThreads"/>
  <testcase name="testMethod" time="0.054" classname="modules.MultiThreads"/>
  <testcase name="testMethod" time="0.018" classname="modules.MultiThreads"/>
  <testcase name="testMethod" time="0.032" classname="modules.MultiThreads"/>
  <testcase name="testMethod" time="0.001" classname="modules.MultiThreads"/>
  <testcase name="testMethod" time="0.031" classname="modules.MultiThreads"/>
  <testcase name="testMethod" time="0.052" classname="modules.MultiThreads"/>
  <testcase name="testMethod" time="0.011" classname="modules.MultiThreads"/>
  <testcase name="testMethod" time="0.011" classname="modules.MultiThreads"/>
  <testcase name="testMethod" time="0.002" classname="modules.MultiThreads"/>
  <testcase name="testMethod" time="0.001" classname="modules.MultiThreads"/>
  <testcase name="testMethod" time="0.019" classname="modules.MultiThreads"/>
  <testcase name="testMethod" time="0.001" classname="modules.MultiThreads"/>
  <testcase name="testMethod" time="0.025" classname="modules.MultiThreads"/>
  <testcase name="testMethod" time="0.049" classname="modules.MultiThreads"/>
  <testcase name="testMethod" time="0.002" classname="modules.MultiThreads"/>
  <testcase name="testMethod" time="0.040" classname="modules.MultiThreads"/>
  <testcase name="testMethod" time="0.001" classname="modules.MultiThreads"/>
  <testcase name="testMethod" time="0.013" classname="modules.MultiThreads"/>
  <testcase name="testMethod" time="0.038" classname="modules.MultiThreads"/>
  <testcase name="testMethod" time="0.031" classname="modules.MultiThreads"/>
  <testcase name="testMethod" time="0.008" classname="modules.MultiThreads"/>
  <testcase name="testMethod" time="0.004" classname="modules.MultiThreads"/>
  <testcase name="testMethod" time="0.023" classname="modules.MultiThreads"/>
  <testcase name="testMethod" time="0.024" classname="modules.MultiThreads"/>
  <testcase name="testMethod" time="0.021" classname="modules.MultiThreads"/>
  <testcase name="testMethod" time="0.009" classname="modules.MultiThreads"/>
  <testcase name="testMethod" time="0.095" classname="modules.MultiThreads"/>
  <testcase name="testMethod" time="0.035" classname="modules.MultiThreads"/>
  <testcase name="testMethod" time="0.001" classname="modules.MultiThreads"/>
  <testcase name="testMethod" time="0.001" classname="modules.MultiThreads"/>
  <testcase name="testMethod" time="0.002" classname="modules.MultiThreads"/>
  <testcase name="testMethod" time="0.019" classname="modules.MultiThreads"/>
  <testcase name="testMethod" time="0.001" classname="modules.MultiThreads"/>
  <testcase name="testMethod" time="0.011" classname="modules.MultiThreads"/>
  <testcase name="testMethod" time="0.050" classname="modules.MultiThreads"/>
  <testcase name="testMethod" time="0.002" classname="modules.MultiThreads"/>
  <testcase name="testMethod" time="0.073" classname="modules.MultiThreads"/>
  <testcase name="testMethod" time="0.028" classname="modules.MultiThreads"/>
  <testcase name="testMethod" time="0.043" classname="modules.MultiThreads"/>
  <testcase name="testMethod" time="0.001" classname="modules.MultiThreads"/>
  <testcase name="testMethod" time="0.053" classname="modules.MultiThreads"/>
  <testcase name="testMethod" time="0.018" classname="modules.MultiThreads"/>
  <testcase name="testMethod" time="0.001" classname="modules.MultiThreads"/>
  <testcase name="testMethod" time="0.001" classname="modules.MultiThreads"/>
  <testcase name="testMethod" time="0.006" classname="modules.MultiThreads"/>
  <testcase name="testMethod" time="0.011" classname="modules.MultiThreads"/>
  <testcase name="testMethod" time="0.040" classname="modules.MultiThreads"/>
  <testcase name="testMethod" time="0.016" classname="modules.MultiThreads"/>
  <testcase name="testMethod" time="0.001" classname="modules.MultiThreads"/>
  <testcase name="testMethod" time="0.001" classname="modules.MultiThreads"/>
  <testcase name="testMethod" time="0.010" classname="modules.MultiThreads"/>
  <testcase name="testMethod" time="0.011" classname="modules.MultiThreads"/>
  <testcase name="testMethod" time="0.000" classname="modules.MultiThreads"/>
  <testcase name="testMethod" time="0.070" classname="modules.MultiThreads"/>
  <testcase name="testMethod" time="0.001" classname="modules.MultiThreads"/>
  <testcase name="testMethod" time="0.001" classname="modules.MultiThreads"/>
  <testcase name="testMethod" time="0.002" classname="modules.MultiThreads"/>
  <testcase name="testMethod" time="0.046" classname="modules.MultiThreads"/>
  <testcase name="testMethod" time="0.018" classname="modules.MultiThreads"/>
  <testcase name="testMethod" time="0.046" classname="modules.MultiThreads"/>
  <testcase name="testMethod" time="0.000" classname="modules.MultiThreads"/>
  <testcase name="testMethod" time="0.011" classname="modules.MultiThreads"/>
  <testcase name="testMethod" time="0.023" classname="modules.MultiThreads"/>
  <testcase name="testMethod" time="0.002" classname="modules.MultiThreads"/>
  <testcase name="testMethod" time="0.008" classname="modules.MultiThreads"/>
  <testcase name="testMethod" time="0.004" classname="modules.MultiThreads"/>
  <testcase name="testMethod" time="0.015" classname="modules.MultiThreads"/>
  <testcase name="testMethod" time="0.002" classname="modules.MultiThreads"/>
  <testcase name="testMethod" time="0.001" classname="modules.MultiThreads"/>
  <testcase name="testMethod" time="0.043" classname="modules.MultiThreads"/>
  <testcase name="testMethod" time="0.001" classname="modules.MultiThreads"/>
  <testcase name="testMethod" time="0.001" classname="modules.MultiThreads"/>
  <testcase name="testMethod" time="0.002" classname="modules.MultiThreads"/>
  <testcase name="testMethod" time="0.004" classname="modules.MultiThreads"/>
  <testcase name="testMethod" time="0.009" classname="modules.MultiThreads"/>
  <testcase name="testMethod" time="0.016" classname="modules.MultiThreads"/>
  <testcase name="testMethod" time="0.016" classname="modules.MultiThreads"/>
  <testcase name="testMethod" time="0.059" classname="modules.MultiThreads"/>
  <testcase name="testMethod" time="0.001" classname="modules.MultiThreads"/>
  <testcase name="testMethod" time="0.001" classname="modules.MultiThreads"/>
  <testcase name="testMethod" time="0.006" classname="modules.MultiThreads"/>
  <testcase name="testMethod" time="0.057" classname="modules.MultiThreads"/>
  <testcase name="testMethod" time="0.003" classname="modules.MultiThreads"/>
  <testcase name="testMethod" time="0.020" classname="modules.MultiThreads"/>
  <testcase name="testMethod" time="0.018" classname="modules.MultiThreads"/>
  <testcase name="testMethod" time="0.008" classname="modules.MultiThreads"/>
  <testcase name="testMethod" time="0.001" classname="modules.MultiThreads"/>
  <testcase name="testMethod" time="0.021" classname="modules.MultiThreads"/>
  <testcase name="testMethod" time="0.008" classname="modules.MultiThreads"/>
</testsuite> <!-- modules.MultiThreads -->
