<?xml version="1.0" encoding="UTF-8"?>
<!-- Generated by org.testng.reporters.JUnitReportReporter -->
<testsuite hostname="HaDos-MacBook-Pro.local" name="modules.EnableTest" tests="3" failures="0" timestamp="29 Oct 2016 02:47:27 GMT" time="0.017" errors="0">
  <testcase name="testMethodOne" time="0.012" classname="modules.EnableTest"/>
  <testcase name="testMethodThree" time="0.002" classname="modules.EnableTest"/>
  <testcase name="testMethodTwo" time="0.003" classname="modules.EnableTest"/>
</testsuite> <!-- modules.EnableTest -->
