<?xml version="1.0" encoding="UTF-8"?>
<!-- Generated by org.testng.reporters.JUnitReportReporter -->
<testsuite hostname="HaDos-MacBook-Pro.local" name="modules.ParallelClassesTestOne" tests="2" failures="0" timestamp="29 Oct 2016 03:03:52 GMT" time="0.012" errors="0">
  <testcase name="testMethodTwo" time="0.002" classname="modules.ParallelClassesTestOne"/>
  <testcase name="testMethodOne" time="0.010" classname="modules.ParallelClassesTestOne"/>
</testsuite> <!-- modules.ParallelClassesTestOne -->
