<?xml version="1.0" encoding="UTF-8"?>
<!-- Generated by org.testng.reporters.JUnitReportReporter -->
<testsuite hostname="HaDos-MacBook-Pro.local" name="modules.DependentTestExamples" tests="3" failures="0" timestamp="29 Oct 2016 03:24:15 GMT" time="0.021" errors="0">
  <testcase name="testTwo" time="0.003" classname="modules.DependentTestExamples"/>
  <testcase name="testOne" time="0.001" classname="modules.DependentTestExamples"/>
  <testcase name="testThree" time="0.017" classname="modules.DependentTestExamples"/>
</testsuite> <!-- modules.DependentTestExamples -->
