<?xml version="1.0" encoding="UTF-8"?>
<!-- Generated by org.testng.reporters.JUnitReportReporter -->
<testsuite hostname="HaDos-MBP" name="modules.Bmi" tests="3" failures="0" timestamp="12 Nov 2016 14:16:02 GMT" time="172.201" errors="0">
  <testcase name="TC1" time="64.690" classname="modules.Bmi"/>
  <testcase name="TC1" time="62.531" classname="modules.Bmi"/>
  <testcase name="TC1" time="44.980" classname="modules.Bmi"/>
</testsuite> <!-- modules.Bmi -->
