<?xml version="1.0" encoding="UTF-8"?>
<!-- Generated by org.testng.reporters.JUnitReportReporter -->
<testsuite hostname="HaDos-MacBook-Pro.local" name="modules.PriorityTest" tests="3" failures="0" timestamp="29 Oct 2016 03:19:32 GMT" time="0.016" errors="0">
  <testcase name="registerAccount" time="0.002" classname="modules.PriorityTest"/>
  <testcase name="sendEmail" time="0.001" classname="modules.PriorityTest"/>
  <testcase name="login" time="0.013" classname="modules.PriorityTest"/>
</testsuite> <!-- modules.PriorityTest -->
