<?xml version="1.0" encoding="UTF-8"?>
<!-- Generated by org.testng.reporters.JUnitReportReporter -->
<testsuite hostname="HaDos-MacBook-Pro.local" name="modules.ParallelSuiteTest" tests="2" failures="0" timestamp="20 Aug 2016 07:59:59 GMT" time="0.014" errors="0">
  <testcase name="testMethodOne" time="0.008" classname="modules.ParallelSuiteTest"/>
  <testcase name="testMethodOne" time="0.006" classname="modules.ParallelSuiteTest"/>
</testsuite> <!-- modules.ParallelSuiteTest -->
