<?xml version="1.0" encoding="UTF-8"?>
<!-- Generated by org.testng.reporters.JUnitReportReporter -->
<testsuite hostname="HaDos-MacBook-Pro.local" name="modules.ParallelClassesTestTwo" tests="2" failures="0" timestamp="29 Oct 2016 03:03:52 GMT" time="0.011" errors="0">
  <testcase name="testMethodOne" time="0.009" classname="modules.ParallelClassesTestTwo"/>
  <testcase name="testMethodTwo" time="0.002" classname="modules.ParallelClassesTestTwo"/>
</testsuite> <!-- modules.ParallelClassesTestTwo -->
